2024-05-26T13:56:22Z,isis-watcher,2,host,0100.1001.0004,up,0100.1001.0005,
2024-05-26T13:56:22Z,isis-watcher,2,host,0100.1001.0003,up,0100.1001.0005,
2024-05-26T13:56:35Z,isis-watcher,1,network,192.168.145.0/24,up,0100.1001.0003,
2024-05-26T13:56:35Z,isis-watcher,1,network,3ffe::192:168:145:2/127,up,0100.1001.0003,
2024-05-26T13:56:35Z,isis-watcher,1,host,0100.1001.0005,up,0100.1001.0003,
2024-05-26T13:56:35Z,isis-watcher,1,metric,0100.1001.0005,changed,old_cost:0,new_cost:10,0100.1001.0003,transit,,
2024-05-26T13:56:35Z,isis-watcher,2,network,192.168.145.0/24,up,0100.1001.0003,
2024-05-26T13:56:35Z,isis-watcher,2,network,3ffe::192:168:145:2/127,up,0100.1001.0003,
2024-05-26T13:56:35Z,isis-watcher,2,host,0100.1001.0005,up,0100.1001.0003,
2024-05-26T13:56:35Z,isis-watcher,2,metric,0100.1001.0005,changed,old_cost:0,new_cost:10,0100.1001.0003,transit,0100.1001.0004_0100.1001.0005_0100.1001.0003,
2024-05-26T13:56:37Z,isis-watcher,2,network,10.10.10.4/32,up,0100.1001.0004,
2024-05-26T13:56:37Z,isis-watcher,2,network,3ffe::192:168:145:4/127,up,0100.1001.0004,
2024-05-26T13:56:37Z,isis-watcher,2,network,192.168.145.0/24,up,0100.1001.0004,
2024-05-26T13:56:37Z,isis-watcher,2,host,0100.1001.0005,up,0100.1001.0004,
2024-05-26T13:56:37Z,isis-watcher,2,metric,0100.1001.0005,changed,old_cost:0,new_cost:10,0100.1001.0004,transit,0100.1001.0004_0100.1001.0005_0100.1001.0003,
2024-05-26T13:56:37Z,isis-watcher,1,network,10.10.10.4/32,up,0100.1001.0004,
2024-05-26T13:56:37Z,isis-watcher,1,network,3ffe::192:168:145:4/127,up,0100.1001.0004,
2024-05-26T13:56:37Z,isis-watcher,1,network,192.168.145.0/24,up,0100.1001.0004,
2024-05-26T13:56:37Z,isis-watcher,1,host,0100.1001.0005,up,0100.1001.0004,
2024-05-26T13:56:37Z,isis-watcher,1,metric,0100.1001.0005,changed,old_cost:0,new_cost:10,0100.1001.0004,transit,,
2024-05-26T13:56:39Z,isis-watcher,1,network,3ffe:10::5:0:0:6c/127,up,0100.1001.0005,
2024-05-26T13:56:39Z,isis-watcher,1,network,3ffe::192:168:145:4/127,up,0100.1001.0005,
2024-05-26T13:56:39Z,isis-watcher,1,network,3ffe:10::5:0:0:92/127,up,0100.1001.0005,
2024-05-26T13:56:39Z,isis-watcher,1,network,3ffe:10::5:0:0:ac/127,up,0100.1001.0005,
2024-05-26T13:56:39Z,isis-watcher,1,network,3ffe:10::5:0:0:f0/127,up,0100.1001.0005,
2024-05-26T13:56:39Z,isis-watcher,1,network,3ffe:10::5:0:0:a6/127,up,0100.1001.0005,
2024-05-26T13:56:39Z,isis-watcher,1,network,3ffe:10::5:0:0:64/127,up,0100.1001.0005,
2024-05-26T13:56:39Z,isis-watcher,1,network,3ffe:10::5:0:0:e2/127,up,0100.1001.0005,
2024-05-26T13:56:39Z,isis-watcher,1,network,3ffe:10::5:0:0:66/127,up,0100.1001.0005,
2024-05-26T13:56:39Z,isis-watcher,1,network,3ffe:10::5:0:0:5c/127,up,0100.1001.0005,
2024-05-26T13:56:39Z,isis-watcher,1,network,3ffe:10::5:0:0:28/127,up,0100.1001.0005,
2024-05-26T13:56:39Z,isis-watcher,1,network,3ffe:10::5:0:0:18/127,up,0100.1001.0005,
2024-05-26T13:56:39Z,isis-watcher,1,network,3ffe:10::5:0:0:fa/127,up,0100.1001.0005,
2024-05-26T13:56:39Z,isis-watcher,1,network,3ffe:10::5:0:0:f2/127,up,0100.1001.0005,
2024-05-26T13:56:39Z,isis-watcher,1,network,3ffe:10::5:0:0:7a/127,up,0100.1001.0005,
2024-05-26T13:56:39Z,isis-watcher,1,network,3ffe:10::5:0:0:9c/127,up,0100.1001.0005,
2024-05-26T13:56:39Z,isis-watcher,1,network,3ffe:10::5:0:0:f4/127,up,0100.1001.0005,
2024-05-26T13:56:39Z,isis-watcher,1,network,3ffe:10::5:0:0:56/127,up,0100.1001.0005,
2024-05-26T13:56:39Z,isis-watcher,1,network,3ffe:10::5:0:0:de/127,up,0100.1001.0005,
2024-05-26T13:56:39Z,isis-watcher,1,network,3ffe:10::5:0:0:9a/127,up,0100.1001.0005,
2024-05-26T13:56:39Z,isis-watcher,1,network,3ffe:10::5:0:0:3e/127,up,0100.1001.0005,
2024-05-26T13:56:39Z,isis-watcher,1,network,3ffe:10::5:0:0:2c/127,up,0100.1001.0005,
2024-05-26T13:56:39Z,isis-watcher,1,network,3ffe:10::5:0:0:30/127,up,0100.1001.0005,
2024-05-26T13:56:39Z,isis-watcher,1,network,3ffe:10::5:0:0:ba/127,up,0100.1001.0005,
2024-05-26T13:56:39Z,isis-watcher,1,network,3ffe:10::5:0:0:fc/127,up,0100.1001.0005,
2024-05-26T13:56:39Z,isis-watcher,1,network,3ffe:10::5:0:0:34/127,up,0100.1001.0005,
2024-05-26T13:56:39Z,isis-watcher,1,network,3ffe:10::5:0:0:20/127,up,0100.1001.0005,
2024-05-26T13:56:39Z,isis-watcher,1,network,3ffe:10::5:0:0:26/127,up,0100.1001.0005,
2024-05-26T13:56:39Z,isis-watcher,1,network,3ffe:10::5:0:0:40/127,up,0100.1001.0005,
2024-05-26T13:56:39Z,isis-watcher,1,network,3ffe:10::5:0:0:e6/127,up,0100.1001.0005,
2024-05-26T13:56:39Z,isis-watcher,1,network,3ffe:10::5:0:0:82/127,up,0100.1001.0005,
2024-05-26T13:56:39Z,isis-watcher,1,network,3ffe:10::5:0:0:5e/127,up,0100.1001.0005,
2024-05-26T13:56:39Z,isis-watcher,1,network,3ffe:10::5:0:0:e4/127,up,0100.1001.0005,
2024-05-26T13:56:39Z,isis-watcher,1,network,3ffe:10::5:0:0:bc/127,up,0100.1001.0005,
2024-05-26T13:56:39Z,isis-watcher,1,network,3ffe:10::5:0:0:94/127,up,0100.1001.0005,
2024-05-26T13:56:39Z,isis-watcher,1,network,192.168.145.0/24,up,0100.1001.0005,
2024-05-26T13:56:39Z,isis-watcher,1,network,3ffe:10::5:0:0:9e/127,up,0100.1001.0005,
2024-05-26T13:56:39Z,isis-watcher,1,network,3ffe:10::5:0:0:100/127,up,0100.1001.0005,
2024-05-26T13:56:39Z,isis-watcher,1,network,3ffe:10::5:0:0:54/127,up,0100.1001.0005,
2024-05-26T13:56:39Z,isis-watcher,1,network,3ffe:10::5:0:0:46/127,up,0100.1001.0005,
2024-05-26T13:56:39Z,isis-watcher,1,network,3ffe:10::5:0:0:c/127,up,0100.1001.0005,
2024-05-26T13:56:39Z,isis-watcher,1,network,3ffe:10::5:0:0:cc/127,up,0100.1001.0005,
2024-05-26T13:56:39Z,isis-watcher,1,network,3ffe:10::5:0:0:98/127,up,0100.1001.0005,
2024-05-26T13:56:39Z,isis-watcher,1,network,3ffe:10::5:0:0:42/127,up,0100.1001.0005,
2024-05-26T13:56:39Z,isis-watcher,1,network,3ffe:10::5:0:0:52/127,up,0100.1001.0005,
2024-05-26T13:56:39Z,isis-watcher,1,network,3ffe:10::5:0:0:68/127,up,0100.1001.0005,
2024-05-26T13:56:39Z,isis-watcher,1,network,3ffe:10::5:0:0:2e/127,up,0100.1001.0005,
2024-05-26T13:56:39Z,isis-watcher,1,network,3ffe:10::5:0:0:d4/127,up,0100.1001.0005,
2024-05-26T13:56:39Z,isis-watcher,1,network,3ffe:10::5:0:0:5a/127,up,0100.1001.0005,
2024-05-26T13:56:39Z,isis-watcher,1,network,3ffe:10::5:0:0:74/127,up,0100.1001.0005,
2024-05-26T13:56:39Z,isis-watcher,1,network,3ffe:10::5:0:0:86/127,up,0100.1001.0005,
2024-05-26T13:56:39Z,isis-watcher,1,network,3ffe:10::5:0:0:a0/127,up,0100.1001.0005,
2024-05-26T13:56:39Z,isis-watcher,1,network,3ffe:10::5:0:0:ce/127,up,0100.1001.0005,
2024-05-26T13:56:39Z,isis-watcher,1,network,3ffe:10::5:0:0:3a/127,up,0100.1001.0005,
2024-05-26T13:56:39Z,isis-watcher,1,network,3ffe:10::5:0:0:3c/127,up,0100.1001.0005,
2024-05-26T13:56:39Z,isis-watcher,1,network,3ffe:10::5:0:0:a2/127,up,0100.1001.0005,
2024-05-26T13:56:39Z,isis-watcher,1,network,3ffe:10::5:0:0:70/127,up,0100.1001.0005,
2024-05-26T13:56:39Z,isis-watcher,1,network,3ffe:10::5:0:0:32/127,up,0100.1001.0005,
2024-05-26T13:56:39Z,isis-watcher,1,network,3ffe:10::5:0:0:44/127,up,0100.1001.0005,
2024-05-26T13:56:39Z,isis-watcher,1,network,3ffe:10::5:0:0:38/127,up,0100.1001.0005,
2024-05-26T13:56:39Z,isis-watcher,1,network,3ffe:10::5:0:0:4/127,up,0100.1001.0005,
2024-05-26T13:56:39Z,isis-watcher,1,network,3ffe:10::5:0:0:62/127,up,0100.1001.0005,
2024-05-26T13:56:39Z,isis-watcher,1,network,3ffe:10::5:0:0:b4/127,up,0100.1001.0005,
2024-05-26T13:56:39Z,isis-watcher,1,network,3ffe:10::5:0:0:be/127,up,0100.1001.0005,
2024-05-26T13:56:39Z,isis-watcher,1,metric,0100.1001.0005,changed,old_cost:0,new_cost:10,0100.1001.0005,transit,,
2024-05-26T13:56:39Z,isis-watcher,1,network,3ffe:10::5:0:0:8/127,up,0100.1001.0005,
2024-05-26T13:56:39Z,isis-watcher,1,network,3ffe:10::5:0:0:4a/127,up,0100.1001.0005,
2024-05-26T13:56:39Z,isis-watcher,1,network,3ffe:10::5:0:0:16/127,up,0100.1001.0005,
2024-05-26T13:56:39Z,isis-watcher,1,network,3ffe:10::5:0:0:a8/127,up,0100.1001.0005,
2024-05-26T13:56:39Z,isis-watcher,1,network,3ffe:10::5:0:0:b8/127,up,0100.1001.0005,
2024-05-26T13:56:39Z,isis-watcher,1,network,3ffe:10::5:0:0:e8/127,up,0100.1001.0005,
2024-05-26T13:56:39Z,isis-watcher,1,network,3ffe:10::5:0:0:c8/127,up,0100.1001.0005,
2024-05-26T13:56:39Z,isis-watcher,1,network,3ffe:10::5:0:0:90/127,up,0100.1001.0005,
2024-05-26T13:56:39Z,isis-watcher,1,network,3ffe:10::5:0:0:c6/127,up,0100.1001.0005,
2024-05-26T13:56:39Z,isis-watcher,1,network,3ffe:10::5:0:0:72/127,up,0100.1001.0005,
2024-05-26T13:56:39Z,isis-watcher,1,network,3ffe:10::5:0:0:6a/127,up,0100.1001.0005,
2024-05-26T13:56:39Z,isis-watcher,1,network,3ffe:10::5:0:0:dc/127,up,0100.1001.0005,
2024-05-26T13:56:39Z,isis-watcher,1,network,3ffe:10::5:0:0:b6/127,up,0100.1001.0005,
2024-05-26T13:56:39Z,isis-watcher,1,network,3ffe:10::5:0:0:ca/127,up,0100.1001.0005,
2024-05-26T13:56:39Z,isis-watcher,1,network,3ffe:10::5:0:0:8c/127,up,0100.1001.0005,
2024-05-26T13:56:39Z,isis-watcher,1,network,3ffe:10::5:0:0:60/127,up,0100.1001.0005,
2024-05-26T13:56:39Z,isis-watcher,1,network,3ffe:10::5:0:0:c2/127,up,0100.1001.0005,
2024-05-26T13:56:39Z,isis-watcher,1,network,3ffe:10::5:0:0:d0/127,up,0100.1001.0005,
2024-05-26T13:56:39Z,isis-watcher,1,network,3ffe:10::5:0:0:48/127,up,0100.1001.0005,
2024-05-26T13:56:39Z,isis-watcher,1,network,3ffe:10::5:0:0:1a/127,up,0100.1001.0005,
2024-05-26T13:56:39Z,isis-watcher,1,network,3ffe:10::5:0:0:e/127,up,0100.1001.0005,
2024-05-26T13:56:39Z,isis-watcher,1,network,3ffe:10::5:0:0:88/127,up,0100.1001.0005,
2024-05-26T13:56:39Z,isis-watcher,1,network,3ffe:10::5:0:0:c4/127,up,0100.1001.0005,
2024-05-26T13:56:40Z,isis-watcher,1,network,3ffe:10::5:0:0:8a/127,up,0100.1001.0005,
2024-05-26T13:56:40Z,isis-watcher,1,network,3ffe:10::5:0:0:b2/127,up,0100.1001.0005,
2024-05-26T13:56:40Z,isis-watcher,1,network,3ffe:10::5:0:0:f8/127,up,0100.1001.0005,
2024-05-26T13:56:40Z,isis-watcher,1,network,3ffe:10::5:0:0:f6/127,up,0100.1001.0005,
2024-05-26T13:56:40Z,isis-watcher,1,network,3ffe:10::5:0:0:50/127,up,0100.1001.0005,
2024-05-26T13:56:40Z,isis-watcher,1,network,3ffe:10::5:0:0:ae/127,up,0100.1001.0005,
2024-05-26T13:56:40Z,isis-watcher,1,network,3ffe:10::5:0:0:6e/127,up,0100.1001.0005,
2024-05-26T13:56:40Z,isis-watcher,1,network,3ffe:10::5:0:0:96/127,up,0100.1001.0005,
2024-05-26T13:56:40Z,isis-watcher,1,network,3ffe:10::5:0:0:d2/127,up,0100.1001.0005,
2024-05-26T13:56:40Z,isis-watcher,1,network,3ffe:10::5:0:0:2a/127,up,0100.1001.0005,
2024-05-26T13:56:40Z,isis-watcher,1,network,3ffe:10::5:0:0:ec/127,up,0100.1001.0005,
2024-05-26T13:56:40Z,isis-watcher,1,network,3ffe:10::5:0:0:ee/127,up,0100.1001.0005,
2024-05-26T13:56:40Z,isis-watcher,1,network,3ffe:10::5:0:0:84/127,up,0100.1001.0005,
2024-05-26T13:56:40Z,isis-watcher,1,network,3ffe:10::5:0:0:a/127,up,0100.1001.0005,
2024-05-26T13:56:40Z,isis-watcher,1,network,3ffe:10::5:0:0:ea/127,up,0100.1001.0005,
2024-05-26T13:56:40Z,isis-watcher,1,network,3ffe:10::5:0:0:6/127,up,0100.1001.0005,
2024-05-26T13:56:40Z,isis-watcher,1,network,3ffe:10::5:0:0:4c/127,up,0100.1001.0005,
2024-05-26T13:56:40Z,isis-watcher,1,network,3ffe:10::5:0:0:aa/127,up,0100.1001.0005,
2024-05-26T13:56:40Z,isis-watcher,1,network,3ffe:10::5:0:0:a4/127,up,0100.1001.0005,
2024-05-26T13:56:40Z,isis-watcher,1,network,3ffe:10::5:0:0:d8/127,up,0100.1001.0005,
2024-05-26T13:56:40Z,isis-watcher,1,network,3ffe:10::5:0:0:b0/127,up,0100.1001.0005,
2024-05-26T13:56:40Z,isis-watcher,1,network,3ffe:10::5:0:0:10/127,up,0100.1001.0005,
2024-05-26T13:56:40Z,isis-watcher,1,network,3ffe:10::5:0:0:e0/127,up,0100.1001.0005,
2024-05-26T13:56:40Z,isis-watcher,1,network,3ffe:10::5:0:0:58/127,up,0100.1001.0005,
2024-05-26T13:56:40Z,isis-watcher,1,network,3ffe:10::5:0:0:1e/127,up,0100.1001.0005,
2024-05-26T13:56:40Z,isis-watcher,1,network,3ffe:10::5:0:0:7c/127,up,0100.1001.0005,
2024-05-26T13:56:40Z,isis-watcher,1,network,3ffe:10::5:0:0:4e/127,up,0100.1001.0005,
2024-05-26T13:56:40Z,isis-watcher,1,network,3ffe:10::5:0:0:d6/127,up,0100.1001.0005,
2024-05-26T13:56:40Z,isis-watcher,1,network,3ffe:10::5:0:0:22/127,up,0100.1001.0005,
2024-05-26T13:56:40Z,isis-watcher,1,network,3ffe:10::5:0:0:da/127,up,0100.1001.0005,
2024-05-26T13:56:40Z,isis-watcher,1,network,3ffe:10::5:0:0:24/127,up,0100.1001.0005,
2024-05-26T13:56:40Z,isis-watcher,1,network,3ffe:10::5:0:0:7e/127,up,0100.1001.0005,
2024-05-26T13:56:40Z,isis-watcher,1,network,3ffe:10::5:0:0:80/127,up,0100.1001.0005,
2024-05-26T13:56:40Z,isis-watcher,1,network,3ffe:10::5:0:0:fe/127,up,0100.1001.0005,
2024-05-26T13:56:40Z,isis-watcher,1,network,3ffe:10::5:0:0:8e/127,up,0100.1001.0005,
2024-05-26T13:56:40Z,isis-watcher,1,network,3ffe:10::5:0:0:76/127,up,0100.1001.0005,
2024-05-26T13:56:40Z,isis-watcher,1,network,3ffe:10::5:0:0:14/127,up,0100.1001.0005,
2024-05-26T13:56:40Z,isis-watcher,1,network,3ffe:10::5:0:0:1c/127,up,0100.1001.0005,
2024-05-26T13:56:40Z,isis-watcher,1,network,3ffe:10::5:0:0:36/127,up,0100.1001.0005,
2024-05-26T13:56:40Z,isis-watcher,1,network,3ffe:10::5:0:0:2/127,up,0100.1001.0005,
2024-05-26T13:56:40Z,isis-watcher,1,network,3ffe:10::5:0:0:12/127,up,0100.1001.0005,
2024-05-26T13:56:40Z,isis-watcher,1,network,3ffe:10::5:0:0:c0/127,up,0100.1001.0005,
2024-05-26T13:56:40Z,isis-watcher,1,network,3ffe:10::5:0:0:78/127,up,0100.1001.0005,
2024-05-26T13:56:40Z,isis-watcher,2,network,3ffe:10::5:0:0:6c/127,up,0100.1001.0005,
2024-05-26T13:56:40Z,isis-watcher,2,network,3ffe::192:168:145:4/127,up,0100.1001.0005,
2024-05-26T13:56:40Z,isis-watcher,2,network,3ffe:10::5:0:0:92/127,up,0100.1001.0005,
2024-05-26T13:56:40Z,isis-watcher,2,network,3ffe:10::5:0:0:ac/127,up,0100.1001.0005,
2024-05-26T13:56:40Z,isis-watcher,2,network,3ffe:10::5:0:0:f0/127,up,0100.1001.0005,
2024-05-26T13:56:40Z,isis-watcher,2,network,3ffe:10::5:0:0:a6/127,up,0100.1001.0005,
2024-05-26T13:56:40Z,isis-watcher,2,network,3ffe:10::5:0:0:64/127,up,0100.1001.0005,
2024-05-26T13:56:40Z,isis-watcher,2,network,3ffe:10::5:0:0:e2/127,up,0100.1001.0005,
2024-05-26T13:56:40Z,isis-watcher,2,network,3ffe:10::5:0:0:66/127,up,0100.1001.0005,
2024-05-26T13:56:40Z,isis-watcher,2,network,3ffe:10::5:0:0:5c/127,up,0100.1001.0005,
2024-05-26T13:56:40Z,isis-watcher,2,network,3ffe:10::5:0:0:28/127,up,0100.1001.0005,
2024-05-26T13:56:40Z,isis-watcher,2,network,3ffe:10::5:0:0:18/127,up,0100.1001.0005,
2024-05-26T13:56:40Z,isis-watcher,2,network,3ffe:10::5:0:0:fa/127,up,0100.1001.0005,
2024-05-26T13:56:40Z,isis-watcher,2,network,3ffe:10::5:0:0:f2/127,up,0100.1001.0005,
2024-05-26T13:56:40Z,isis-watcher,2,network,3ffe:10::5:0:0:7a/127,up,0100.1001.0005,
2024-05-26T13:56:40Z,isis-watcher,2,network,3ffe:10::5:0:0:9c/127,up,0100.1001.0005,
2024-05-26T13:56:40Z,isis-watcher,2,network,3ffe:10::5:0:0:f4/127,up,0100.1001.0005,
2024-05-26T13:56:40Z,isis-watcher,2,network,3ffe:10::5:0:0:56/127,up,0100.1001.0005,
2024-05-26T13:56:40Z,isis-watcher,2,network,3ffe:10::5:0:0:de/127,up,0100.1001.0005,
2024-05-26T13:56:40Z,isis-watcher,2,network,3ffe:10::5:0:0:9a/127,up,0100.1001.0005,
2024-05-26T13:56:40Z,isis-watcher,2,network,3ffe:10::5:0:0:3e/127,up,0100.1001.0005,
2024-05-26T13:56:40Z,isis-watcher,2,network,3ffe:10::5:0:0:2c/127,up,0100.1001.0005,
2024-05-26T13:56:40Z,isis-watcher,2,network,3ffe:10::5:0:0:30/127,up,0100.1001.0005,
2024-05-26T13:56:40Z,isis-watcher,2,network,3ffe:10::5:0:0:ba/127,up,0100.1001.0005,
2024-05-26T13:56:40Z,isis-watcher,2,network,3ffe:10::5:0:0:fc/127,up,0100.1001.0005,
2024-05-26T13:56:40Z,isis-watcher,2,network,3ffe:10::5:0:0:34/127,up,0100.1001.0005,
2024-05-26T13:56:40Z,isis-watcher,2,network,3ffe:10::5:0:0:20/127,up,0100.1001.0005,
2024-05-26T13:56:40Z,isis-watcher,2,network,3ffe:10::5:0:0:26/127,up,0100.1001.0005,
2024-05-26T13:56:40Z,isis-watcher,2,network,3ffe:10::5:0:0:40/127,up,0100.1001.0005,
2024-05-26T13:56:40Z,isis-watcher,2,network,3ffe:10::5:0:0:e6/127,up,0100.1001.0005,
2024-05-26T13:56:40Z,isis-watcher,2,network,3ffe:10::5:0:0:82/127,up,0100.1001.0005,
2024-05-26T13:56:40Z,isis-watcher,2,network,3ffe:10::5:0:0:5e/127,up,0100.1001.0005,
2024-05-26T13:56:40Z,isis-watcher,2,network,3ffe:10::5:0:0:e4/127,up,0100.1001.0005,
2024-05-26T13:56:40Z,isis-watcher,2,network,3ffe:10::5:0:0:bc/127,up,0100.1001.0005,
2024-05-26T13:56:40Z,isis-watcher,2,network,3ffe:10::5:0:0:94/127,up,0100.1001.0005,
2024-05-26T13:56:40Z,isis-watcher,2,network,192.168.145.0/24,up,0100.1001.0005,
2024-05-26T13:56:40Z,isis-watcher,2,network,3ffe:10::5:0:0:9e/127,up,0100.1001.0005,
2024-05-26T13:56:40Z,isis-watcher,2,network,3ffe:10::5:0:0:100/127,up,0100.1001.0005,
2024-05-26T13:56:40Z,isis-watcher,2,network,3ffe:10::5:0:0:54/127,up,0100.1001.0005,
2024-05-26T13:56:40Z,isis-watcher,2,network,3ffe:10::5:0:0:46/127,up,0100.1001.0005,
2024-05-26T13:56:40Z,isis-watcher,2,network,3ffe:10::5:0:0:c/127,up,0100.1001.0005,
2024-05-26T13:56:40Z,isis-watcher,2,network,3ffe:10::5:0:0:cc/127,up,0100.1001.0005,
2024-05-26T13:56:40Z,isis-watcher,2,network,3ffe:10::5:0:0:98/127,up,0100.1001.0005,
2024-05-26T13:56:40Z,isis-watcher,2,network,3ffe:10::5:0:0:42/127,up,0100.1001.0005,
2024-05-26T13:56:40Z,isis-watcher,2,network,3ffe:10::5:0:0:52/127,up,0100.1001.0005,
2024-05-26T13:56:40Z,isis-watcher,2,network,3ffe:10::5:0:0:68/127,up,0100.1001.0005,
2024-05-26T13:56:40Z,isis-watcher,2,network,3ffe:10::5:0:0:2e/127,up,0100.1001.0005,
2024-05-26T13:56:40Z,isis-watcher,2,network,3ffe:10::5:0:0:d4/127,up,0100.1001.0005,
2024-05-26T13:56:40Z,isis-watcher,2,network,3ffe:10::5:0:0:5a/127,up,0100.1001.0005,
2024-05-26T13:56:40Z,isis-watcher,2,network,3ffe:10::5:0:0:74/127,up,0100.1001.0005,
2024-05-26T13:56:40Z,isis-watcher,2,network,3ffe:10::5:0:0:86/127,up,0100.1001.0005,
2024-05-26T13:56:40Z,isis-watcher,2,network,3ffe:10::5:0:0:a0/127,up,0100.1001.0005,
2024-05-26T13:56:40Z,isis-watcher,2,network,3ffe:10::5:0:0:ce/127,up,0100.1001.0005,
2024-05-26T13:56:40Z,isis-watcher,2,network,3ffe:10::5:0:0:3a/127,up,0100.1001.0005,
2024-05-26T13:56:40Z,isis-watcher,2,network,3ffe:10::5:0:0:3c/127,up,0100.1001.0005,
2024-05-26T13:56:40Z,isis-watcher,2,network,3ffe:10::5:0:0:a2/127,up,0100.1001.0005,
2024-05-26T13:56:40Z,isis-watcher,2,network,3ffe:10::5:0:0:70/127,up,0100.1001.0005,
2024-05-26T13:56:40Z,isis-watcher,2,network,3ffe:10::5:0:0:32/127,up,0100.1001.0005,
2024-05-26T13:56:40Z,isis-watcher,2,network,3ffe:10::5:0:0:44/127,up,0100.1001.0005,
2024-05-26T13:56:40Z,isis-watcher,2,network,3ffe:10::5:0:0:38/127,up,0100.1001.0005,
2024-05-26T13:56:40Z,isis-watcher,2,network,3ffe:10::5:0:0:4/127,up,0100.1001.0005,
2024-05-26T13:56:40Z,isis-watcher,2,network,3ffe:10::5:0:0:62/127,up,0100.1001.0005,
2024-05-26T13:56:40Z,isis-watcher,2,network,3ffe:10::5:0:0:b4/127,up,0100.1001.0005,
2024-05-26T13:56:40Z,isis-watcher,2,network,3ffe:10::5:0:0:be/127,up,0100.1001.0005,
2024-05-26T13:56:40Z,isis-watcher,2,metric,0100.1001.0004,changed,old_cost:0,new_cost:10,0100.1001.0005,transit,0100.1001.0004_0100.1001.0005_0100.1001.0003,
2024-05-26T13:56:40Z,isis-watcher,2,network,3ffe:10::5:0:0:8/127,up,0100.1001.0005,
2024-05-26T13:56:40Z,isis-watcher,2,network,3ffe:10::5:0:0:4a/127,up,0100.1001.0005,
2024-05-26T13:56:40Z,isis-watcher,2,network,3ffe:10::5:0:0:16/127,up,0100.1001.0005,
2024-05-26T13:56:40Z,isis-watcher,2,network,3ffe:10::5:0:0:a8/127,up,0100.1001.0005,
2024-05-26T13:56:40Z,isis-watcher,2,network,3ffe:10::5:0:0:b8/127,up,0100.1001.0005,
2024-05-26T13:56:40Z,isis-watcher,2,network,3ffe:10::5:0:0:e8/127,up,0100.1001.0005,
2024-05-26T13:56:40Z,isis-watcher,2,network,3ffe:10::5:0:0:c8/127,up,0100.1001.0005,
2024-05-26T13:56:40Z,isis-watcher,2,network,3ffe:10::5:0:0:90/127,up,0100.1001.0005,
2024-05-26T13:56:40Z,isis-watcher,2,network,3ffe:10::5:0:0:c6/127,up,0100.1001.0005,
2024-05-26T13:56:40Z,isis-watcher,2,network,3ffe:10::5:0:0:72/127,up,0100.1001.0005,
2024-05-26T13:56:40Z,isis-watcher,2,network,3ffe:10::5:0:0:6a/127,up,0100.1001.0005,
2024-05-26T13:56:40Z,isis-watcher,2,network,3ffe:10::5:0:0:dc/127,up,0100.1001.0005,
2024-05-26T13:56:40Z,isis-watcher,2,network,3ffe:10::5:0:0:b6/127,up,0100.1001.0005,
2024-05-26T13:56:40Z,isis-watcher,2,network,3ffe:10::5:0:0:ca/127,up,0100.1001.0005,
2024-05-26T13:56:40Z,isis-watcher,2,network,3ffe:10::5:0:0:8c/127,up,0100.1001.0005,
2024-05-26T13:56:40Z,isis-watcher,2,network,3ffe:10::5:0:0:60/127,up,0100.1001.0005,
2024-05-26T13:56:40Z,isis-watcher,2,network,3ffe:10::5:0:0:c2/127,up,0100.1001.0005,
2024-05-26T13:56:40Z,isis-watcher,2,network,3ffe:10::5:0:0:d0/127,up,0100.1001.0005,
2024-05-26T13:56:40Z,isis-watcher,2,network,3ffe:10::5:0:0:48/127,up,0100.1001.0005,
2024-05-26T13:56:40Z,isis-watcher,2,network,3ffe:10::5:0:0:1a/127,up,0100.1001.0005,
2024-05-26T13:56:40Z,isis-watcher,2,network,3ffe:10::5:0:0:e/127,up,0100.1001.0005,
2024-05-26T13:56:40Z,isis-watcher,2,network,3ffe:10::5:0:0:88/127,up,0100.1001.0005,
2024-05-26T13:56:40Z,isis-watcher,2,network,3ffe:10::5:0:0:c4/127,up,0100.1001.0005,
2024-05-26T13:56:40Z,isis-watcher,2,network,3ffe:10::5:0:0:8a/127,up,0100.1001.0005,
2024-05-26T13:56:40Z,isis-watcher,2,network,3ffe:10::5:0:0:b2/127,up,0100.1001.0005,
2024-05-26T13:56:40Z,isis-watcher,2,network,3ffe:10::5:0:0:f8/127,up,0100.1001.0005,
2024-05-26T13:56:40Z,isis-watcher,2,network,3ffe:10::5:0:0:f6/127,up,0100.1001.0005,
2024-05-26T13:56:40Z,isis-watcher,2,network,3ffe:10::5:0:0:50/127,up,0100.1001.0005,
2024-05-26T13:56:40Z,isis-watcher,2,network,3ffe:10::5:0:0:ae/127,up,0100.1001.0005,
2024-05-26T13:56:40Z,isis-watcher,2,network,3ffe:10::5:0:0:6e/127,up,0100.1001.0005,
2024-05-26T13:56:40Z,isis-watcher,2,network,3ffe:10::5:0:0:96/127,up,0100.1001.0005,
2024-05-26T13:56:40Z,isis-watcher,2,network,3ffe:10::5:0:0:d2/127,up,0100.1001.0005,
2024-05-26T13:56:40Z,isis-watcher,2,network,3ffe:10::5:0:0:2a/127,up,0100.1001.0005,
2024-05-26T13:56:40Z,isis-watcher,2,network,3ffe:10::5:0:0:ec/127,up,0100.1001.0005,
2024-05-26T13:56:40Z,isis-watcher,2,network,3ffe:10::5:0:0:ee/127,up,0100.1001.0005,
2024-05-26T13:56:40Z,isis-watcher,2,network,3ffe:10::5:0:0:84/127,up,0100.1001.0005,
2024-05-26T13:56:40Z,isis-watcher,2,network,3ffe:10::5:0:0:a/127,up,0100.1001.0005,
2024-05-26T13:56:40Z,isis-watcher,2,network,3ffe:10::5:0:0:ea/127,up,0100.1001.0005,
2024-05-26T13:56:40Z,isis-watcher,2,network,3ffe:10::5:0:0:6/127,up,0100.1001.0005,
2024-05-26T13:56:40Z,isis-watcher,2,network,3ffe:10::5:0:0:4c/127,up,0100.1001.0005,
2024-05-26T13:56:40Z,isis-watcher,2,network,3ffe:10::5:0:0:aa/127,up,0100.1001.0005,
2024-05-26T13:56:40Z,isis-watcher,2,network,3ffe:10::5:0:0:a4/127,up,0100.1001.0005,
2024-05-26T13:56:40Z,isis-watcher,2,network,3ffe:10::5:0:0:d8/127,up,0100.1001.0005,
2024-05-26T13:56:40Z,isis-watcher,2,network,3ffe:10::5:0:0:b0/127,up,0100.1001.0005,
2024-05-26T13:56:40Z,isis-watcher,2,network,3ffe:10::5:0:0:10/127,up,0100.1001.0005,
2024-05-26T13:56:40Z,isis-watcher,2,network,3ffe:10::5:0:0:e0/127,up,0100.1001.0005,
2024-05-26T13:56:40Z,isis-watcher,2,network,3ffe:10::5:0:0:58/127,up,0100.1001.0005,
2024-05-26T13:56:40Z,isis-watcher,2,network,3ffe:10::5:0:0:1e/127,up,0100.1001.0005,
2024-05-26T13:56:40Z,isis-watcher,2,network,3ffe:10::5:0:0:7c/127,up,0100.1001.0005,
2024-05-26T13:56:40Z,isis-watcher,2,network,3ffe:10::5:0:0:4e/127,up,0100.1001.0005,
2024-05-26T13:56:40Z,isis-watcher,2,network,3ffe:10::5:0:0:d6/127,up,0100.1001.0005,
2024-05-26T13:56:40Z,isis-watcher,2,network,3ffe:10::5:0:0:22/127,up,0100.1001.0005,
2024-05-26T13:56:40Z,isis-watcher,2,network,3ffe:10::5:0:0:da/127,up,0100.1001.0005,
2024-05-26T13:56:40Z,isis-watcher,2,network,3ffe:10::5:0:0:24/127,up,0100.1001.0005,
2024-05-26T13:56:40Z,isis-watcher,2,network,3ffe:10::5:0:0:7e/127,up,0100.1001.0005,
2024-05-26T13:56:40Z,isis-watcher,2,network,3ffe:10::5:0:0:80/127,up,0100.1001.0005,
2024-05-26T13:56:40Z,isis-watcher,2,network,3ffe:10::5:0:0:fe/127,up,0100.1001.0005,
2024-05-26T13:56:40Z,isis-watcher,2,network,3ffe:10::5:0:0:8e/127,up,0100.1001.0005,
2024-05-26T13:56:40Z,isis-watcher,2,network,3ffe:10::5:0:0:76/127,up,0100.1001.0005,
2024-05-26T13:56:40Z,isis-watcher,2,network,3ffe:10::5:0:0:14/127,up,0100.1001.0005,
2024-05-26T13:56:40Z,isis-watcher,2,network,3ffe:10::5:0:0:1c/127,up,0100.1001.0005,
2024-05-26T13:56:40Z,isis-watcher,2,network,3ffe:10::5:0:0:36/127,up,0100.1001.0005,
2024-05-26T13:56:40Z,isis-watcher,2,network,3ffe:10::5:0:0:2/127,up,0100.1001.0005,
2024-05-26T13:56:40Z,isis-watcher,2,network,3ffe:10::5:0:0:12/127,up,0100.1001.0005,
2024-05-26T13:56:40Z,isis-watcher,2,network,3ffe:10::5:0:0:c0/127,up,0100.1001.0005,
2024-05-26T13:56:40Z,isis-watcher,2,network,3ffe:10::5:0:0:78/127,up,0100.1001.0005,
